<?xml version="1.0" encoding="UTF-8"?>
<!-- Generated by org.testng.reporters.JUnitReportReporter -->
<testsuite skipped="0" hostname="DESKTOP-CFQSNFP" name="acme.RunTest" tests="1" failures="0" timestamp="06 Jun 2020 10:33:53 GMT" time="24.111" errors="0">
  <testcase name="runTest" time="24.111" classname="acme.RunTest"/>
</testsuite> <!-- acme.RunTest -->
