<?xml version="1.0" encoding="UTF-8"?>
<!-- Generated by org.testng.reporters.JUnitReportReporter -->
<testsuite skipped="0" hostname="DESKTOP-CFQSNFP" name="acme.RunTest" tests="1" failures="0" timestamp="30 May 2020 17:15:36 GMT" time="24.720" errors="0">
  <testcase name="runTest" time="24.720" classname="acme.RunTest"/>
</testsuite> <!-- acme.RunTest -->
